 reading user weak rate file /afs/mpa/temp/earl/mesa/mesa/data/rates_data/rate_tables/S13_r_be7_wk_li7.h5
 version_number r23.05.1


 The terminal output contains the following information

      'step' is the number of steps since the start of the run,
      'lg_dt' is log10 timestep in years,
      'age_yr' is the simulated years since the start run,
      'lg_Tcntr' is log10 center temperature (K),
      'lg_Dcntr' is log10 center density (g/cm^3),
      'lg_Tmax' is log10 max temperature (K),
      'Teff' is the surface temperature (K),
      'lg_R' is log10 surface radius (Rsun),
      'lg_L' is log10 surface luminosity (Lsun),
      'lg_LH' is log10 total PP and CNO hydrogen burning power (Lsun),
      'lg_L3a' is log10 total triple-alpha helium burning power (Lsun),
      'lg_gsurf' is log10 surface gravity,
      'lg_LNuc' is log10 nuclear power (Lsun),
      'lg_LNeu' is log10 total neutrino power (Lsun),
      'lg_Lphoto' is log10 total photodisintegration (Lsun),
      'Mass' is the total stellar baryonic mass (Msun),
      'lg_Mdot' is log10 magnitude of rate of change of mass (Msun/year),
      'lg_Dsurf' is log10 surface density (g/cm^3),
      'H_env' is the amount of mass where H is dominant,
      'He_core' is the largest mass where He is dominant.
      'CO_core' is the largest mass where CO is dominant.
      'H_cntr' is the center H1 mass fraction,
      'He_cntr' is the center He4 mass fraction,
      'C_cntr' is the center C12 mass fraction,
      'N_cntr' is the center N14 mass fraction,
      'O_cntr' is the center O16 mass fraction,
      'Ne_cntr' is the center Ne20 mass fraction,
      'gam_cntr' is the center plasma interaction parameter,
      'eta_cntr' is the center electron degeneracy parameter,
      'zones' is the number of zones in the current model,
      'iters' is the number of solver iterations for the current step,
      'retry' is the number of step retries required during the run,
      'dt_limit' is an indication of what limited the timestep.

 All this and more are saved in the LOGS directory during the run.
                             set_initial_number_retries           0

                              relax_initial_composition
 relax_composition: num_steps_to_use         100
                       avg remaining difference, lambda    3.2284881772835970D-02    0.0000000000000000D+00
                       avg remaining difference, lambda    2.6820981039479445D-02    1.0101010101010102D-02
                       avg remaining difference, lambda    1.9959144574636732D-02    2.0202020202020204D-02
                       avg remaining difference, lambda    1.6407208584215176D-02    3.0303030303030304D-02
                       avg remaining difference, lambda    1.5856065047251362D-02    4.0404040404040407D-02
                       avg remaining difference, lambda    1.5460464785624163D-02    5.0505050505050504D-02
                       avg remaining difference, lambda    1.4751616119753067D-02    6.0606060606060608D-02
                       avg remaining difference, lambda    1.4011015581044239D-02    7.0707070707070704D-02
                       avg remaining difference, lambda    1.3316178501205325D-02    8.0808080808080815D-02
                       avg remaining difference, lambda    1.2460942105021498D-02    9.0909090909090912D-02
                       avg remaining difference, lambda    1.1453914203376978D-02    1.0101010101010101D-01
                       avg remaining difference, lambda    1.0291481014913298D-02    1.1111111111111110D-01
                       avg remaining difference, lambda    9.1956604086758289D-03    1.2121212121212122D-01
                       avg remaining difference, lambda    9.2805316530513576D-03    1.3131313131313133D-01
                       avg remaining difference, lambda    9.0634202893821337D-03    1.4141414141414141D-01
                       avg remaining difference, lambda    8.4346590670773321D-03    1.5151515151515152D-01
                       avg remaining difference, lambda    7.4143898728376931D-03    1.6161616161616163D-01
                       avg remaining difference, lambda    6.1661072137876071D-03    1.7171717171717171D-01
                       avg remaining difference, lambda    5.0703355675332101D-03    1.8181818181818182D-01
                       avg remaining difference, lambda    4.1495552394407590D-03    1.9191919191919191D-01
                       avg remaining difference, lambda    3.3536701175736310D-03    2.0202020202020202D-01
                       avg remaining difference, lambda    2.6667788405080693D-03    2.1212121212121213D-01
                       avg remaining difference, lambda    2.0919636359077493D-03    2.2222222222222221D-01
                       avg remaining difference, lambda    1.6313536697104053D-03    2.3232323232323232D-01
                       avg remaining difference, lambda    1.2372501901390962D-03    2.4242424242424243D-01
                       avg remaining difference, lambda    9.3355558389271855D-04    2.5252525252525254D-01
                       avg remaining difference, lambda    6.9947411151331015D-04    2.6262626262626265D-01
                       avg remaining difference, lambda    5.1017667729340093D-04    2.7272727272727271D-01
                       avg remaining difference, lambda    3.7163854489339314D-04    2.8282828282828282D-01
                       avg remaining difference, lambda    2.6302392343719171D-04    2.9292929292929293D-01
                       avg remaining difference, lambda    1.8331970421379994D-04    3.0303030303030304D-01
                       avg remaining difference, lambda    1.2688544691045737D-04    3.1313131313131315D-01
                       avg remaining difference, lambda    8.5871969121220873D-05    3.2323232323232326D-01
                       avg remaining difference, lambda    5.7360450886479899D-05    3.3333333333333331D-01
                       avg remaining difference, lambda    3.7660902097177138D-05    3.4343434343434343D-01
                       avg remaining difference, lambda    2.4346441759791488D-05    3.5353535353535354D-01
                       avg remaining difference, lambda    1.5522644186680268D-05    3.6363636363636365D-01
                       avg remaining difference, lambda    9.7212519148965719D-06    3.7373737373737376D-01
                       avg remaining difference, lambda    5.9898622909947617D-06    3.8383838383838381D-01
                       avg remaining difference, lambda    3.6302195703015306D-06    3.9393939393939392D-01
                       avg remaining difference, lambda    2.1634641883671005D-06    4.0404040404040403D-01
                       avg remaining difference, lambda    1.2674840699461860D-06    4.1414141414141414D-01
                       avg remaining difference, lambda    7.2976355542562423D-07    4.2424242424242425D-01
                       avg remaining difference, lambda    4.1279554650408538D-07    4.3434343434343436D-01
                       avg remaining difference, lambda    2.2933085916960836D-07    4.4444444444444442D-01
 retry: max correction jumped -- give up in solver      45
                       avg remaining difference, lambda    2.2933085916960836D-07    4.4444444444444442D-01
 retry: max correction jumped -- give up in solver      45
                       avg remaining difference, lambda    2.2933085916960836D-07    4.4444444444444442D-01
 retry: max correction jumped -- give up in solver      45
                       avg remaining difference, lambda    2.2933085916960836D-07    4.4444444444444442D-01
 retry: max correction jumped -- give up in solver      45
                       avg remaining difference, lambda    2.2933085916960836D-07    4.4444444444444442D-01
 retry: max correction jumped -- give up in solver      45
                       avg remaining difference, lambda    2.2933085916960836D-07    4.4444444444444442D-01
 retry: max correction jumped -- give up in solver      45
                       avg remaining difference, lambda    2.2933085916960836D-07    4.4444444444444442D-01
 retry: max correction jumped -- give up in solver      45
                       avg remaining difference, lambda    2.2933085916960836D-07    4.4444444444444442D-01
 retry: max correction jumped -- give up in solver      45
                       avg remaining difference, lambda    2.2933085916960836D-07    4.4444444444444442D-01
 retry: max correction jumped -- give up in solver      45
                       avg remaining difference, lambda    2.2933085916960836D-07    4.4444444444444442D-01
 retry: max correction jumped -- give up in solver      45
                       avg remaining difference, lambda    2.2933085916960836D-07    4.4444444444444442D-01
 retry: max correction jumped -- give up in solver      45
                       avg remaining difference, lambda    2.2933085916960836D-07    4.4444444444444442D-01
 retry: max correction jumped -- give up in solver      45
                       avg remaining difference, lambda    2.2933085916960836D-07    4.4444444444444442D-01
 retry: max correction jumped -- give up in solver      45
                       avg remaining difference, lambda    2.2933085916960836D-07    4.4444444444444442D-01
 retry: max correction jumped -- give up in solver      45
                       avg remaining difference, lambda    2.2933085916960836D-07    4.4444444444444442D-01
 retry: max correction jumped -- give up in solver      45
                       avg remaining difference, lambda    2.2933085916960836D-07    4.4444444444444442D-01
 retry: max correction jumped -- give up in solver      45
                       avg remaining difference, lambda    2.2933085916960836D-07    4.4444444444444442D-01
 retry: max correction jumped -- give up in solver      45
                       avg remaining difference, lambda    2.2933085916960836D-07    4.4444444444444442D-01
 retry: max correction jumped -- give up in solver      45
                       avg remaining difference, lambda    2.2933085916960836D-07    4.4444444444444442D-01
 retry: max correction jumped -- give up in solver      45
                       avg remaining difference, lambda    2.2933085916960836D-07    4.4444444444444442D-01
 retry: max correction jumped -- give up in solver      45
                       avg remaining difference, lambda    2.2933085916960836D-07    4.4444444444444442D-01
 retry: max correction jumped -- give up in solver      45
                       avg remaining difference, lambda    2.2933085916960836D-07    4.4444444444444442D-01
 retry: max correction jumped -- give up in solver      45
                       avg remaining difference, lambda    2.2933085916960836D-07    4.4444444444444442D-01
                       avg remaining difference, lambda    1.2508955954917480D-07    4.5454545454545453D-01
                       avg remaining difference, lambda    6.6967137939606211D-08    4.6464646464646464D-01
                       avg remaining difference, lambda    3.5174658318970101D-08    4.7474747474747475D-01
                       avg remaining difference, lambda    1.8120278521787677D-08    4.8484848484848486D-01
                       avg remaining difference, lambda    9.1516558193923786D-09    4.9494949494949497D-01
                       avg remaining difference, lambda    4.5296074234662401D-09    5.0505050505050508D-01
                       avg remaining difference, lambda    2.1961732927787911D-09    5.1515151515151514D-01
                       avg remaining difference, lambda    1.0426277231457496D-09    5.2525252525252530D-01
                       avg remaining difference, lambda    4.8445328385435441D-10    5.3535353535353536D-01
                       avg remaining difference, lambda    2.2020603816196921D-10    5.4545454545454541D-01
                       avg remaining difference, lambda    9.7869350266869242D-11    5.5555555555555558D-01
                       avg remaining difference, lambda    4.2508910833161957D-11    5.6565656565656564D-01
                       avg remaining difference, lambda    1.8034081468846196D-11    5.7575757575757580D-01
                       avg remaining difference, lambda    7.4686586561333106D-12    5.8585858585858586D-01
                       avg remaining difference, lambda    3.0176389823811110D-12    5.9595959595959591D-01
                       avg remaining difference, lambda    1.1887711985163468D-12    6.0606060606060608D-01
                       avg remaining difference, lambda    4.5629767744118786D-13    6.1616161616161613D-01
                       avg remaining difference, lambda    1.7053471512730220D-13    6.2626262626262630D-01
                       avg remaining difference, lambda    6.2014847164643182D-14    6.3636363636363635D-01
                       avg remaining difference, lambda    2.1927560507507935D-14    6.4646464646464652D-01
                       avg remaining difference, lambda    7.5272512302227143D-15    6.5656565656565657D-01
                       avg remaining difference, lambda    2.5073030518592763D-15    6.6666666666666663D-01
                       avg remaining difference, lambda    8.0972635580666994D-16    6.7676767676767680D-01
                       avg remaining difference, lambda    2.5318305582840596D-16    6.8686868686868685D-01
                       avg remaining difference, lambda    7.5971077883323718D-17    6.9696969696969702D-01
                       avg remaining difference, lambda    2.0378697180761012D-17    7.0707070707070707D-01
                       avg remaining difference, lambda    3.8723389892260398D-18    7.1717171717171713D-01
                       avg remaining difference, lambda    1.4738814485141357D-18    7.2727272727272729D-01
                       avg remaining difference, lambda    1.1189288558997361D-17    7.3737373737373735D-01
                       avg remaining difference, lambda    1.3388274032403882D-17    7.4747474747474751D-01
                       avg remaining difference, lambda    2.6240949305159215D-18    7.5757575757575757D-01
                       avg remaining difference, lambda    3.4373949259988355D-19    7.6767676767676762D-01
                       avg remaining difference, lambda    5.0177105754855195D-19    7.7777777777777779D-01
                       avg remaining difference, lambda    2.9365613288901063D-19    7.8787878787878785D-01
                       avg remaining difference, lambda    2.6153010176303330D-18    7.9797979797979801D-01
                       avg remaining difference, lambda    2.6173315564261457D-19    8.0808080808080807D-01
                       avg remaining difference, lambda    2.5793911124386814D-19    8.1818181818181823D-01
                       avg remaining difference, lambda    1.7352269135887492D-19    8.2828282828282829D-01
                       avg remaining difference, lambda    2.5820849237201379D-18    8.3838383838383834D-01
                       avg remaining difference, lambda    2.4576794736111167D-19    8.4848484848484851D-01
                       avg remaining difference, lambda    1.4535535623370214D-19    8.5858585858585856D-01
                       avg remaining difference, lambda    1.1654289645808528D-19    8.6868686868686873D-01
                       avg remaining difference, lambda    4.0706769405960700D-19    8.7878787878787878D-01
                       avg remaining difference, lambda    2.5137386771349280D-18    8.8888888888888884D-01
                       avg remaining difference, lambda    1.1163160594236838D-19    8.9898989898989901D-01
                       avg remaining difference, lambda    9.7809795674045715D-20    9.0909090909090906D-01
                       avg remaining difference, lambda    1.0523866645756488D-17    9.1919191919191923D-01
                       avg remaining difference, lambda    2.4655044859958375D-18    9.2929292929292928D-01
                       avg remaining difference, lambda    5.1229653125816436D-20    9.3939393939393945D-01
                       avg remaining difference, lambda    1.1397261826106386D-19    9.4949494949494950D-01
                       avg remaining difference, lambda    1.3665909519087099D-20    9.5959595959595956D-01
                       avg remaining difference, lambda    2.3656229611151794D-19    9.6969696969696972D-01
                       avg remaining difference, lambda    1.0246931057778154D-20    9.7979797979797978D-01
                       avg remaining difference, lambda    8.3369384572273654D-25    9.8989898989898994D-01
                       avg remaining difference, lambda    0.0000000000000000D+00    1.0000000000000000D+00

 finished doing relax composition

 net name basic.net
 kap_option gs98
 kap_CO_option gs98_co
 kap_lowT_option lowT_fa05_gs98
                                        OMP_NUM_THREADS           8


 retry:  adjust_correction failed in eval_equations -- give up in solver     123
 retry:  logT < hydro_mtx_min_allowed_logT         556     181
 retry: max residual jumped -- give up in solver     182
 retry: max residual jumped -- give up in solver     184
 retry: max residual jumped -- give up in solver     187
 retry:  logRho > hydro_mtx_max_allowed_logRho          73     191
 retry: get_eos failed     194
 retry:  logT < hydro_mtx_min_allowed_logT          58     198
 retry:  logT < hydro_mtx_min_allowed_logT          74     203

stop because have dropped below central lower limit for he4
    0.9518581798E-01    0.1000000000E+00

        287   8.298726   8784.875   3.944305   4.236698   9.985161   7.423046   0.000000   0.000000   0.280012  -2.791634   1502      9
 4.2390E+00   8.298726   1.753072   3.480349   2.782484  -8.456729   2.562116   0.095186   0.329075   0.020037   0.237040      5
 2.0518E+06   3.458802   4.235779   3.734608 -99.000000 -10.550527   1.128442   0.567981   0.003680   0.904814  0.000E+00       XO_cntr

                                         solver retries          31

                                    varcontrol dt limit          35
                                  max increase dt limit         179
                                        solver dt limit           1
                                          dX/X dt limit          34
                                       Lnuc_He dt limit          13
                                        lgTeff dt limit          45
                                      lgT_cntr dt limit          32
                                    lg_XH_cntr dt limit          16
                                      XHe_cntr dt limit          22
                                       XO_cntr dt limit           9

save photos/x287 for model 287
termination code: xa_central_lower_limit
__________________________________________________________________________________________________________________________________________________

       step    lg_Tmax     Teff     lg_LH      lg_Lnuc     Mass       H_rich     H_cntr     N_cntr     Y_surf   eta_cntr   zones  retry
  lg_dt_yrs    lg_Tcntr    lg_R     lg_L3a     lg_Lneu     lg_Mdot    He_core    He_cntr    O_cntr     Z_surf   gam_cntr   iters  
    age_yrs    lg_Dcntr    lg_L     lg_LZ      lg_Lphoto   lg_Dsurf   CO_core    C_cntr     Ne_cntr    Z_cntr   v_div_cs       dt_limit
__________________________________________________________________________________________________________________________________________________

        287   8.298726   8784.875   3.944305   4.236698   9.985161   7.423046   0.000000   0.000000   0.280012  -2.791634   1502      9
 4.2390E+00   8.298726   1.753072   3.480349   2.782484  -8.456729   2.562116   0.095186   0.329075   0.020037   0.237040      5
 2.0518E+06   3.458802   4.235779   3.734608 -99.000000 -10.550527   1.128442   0.567981   0.003680   0.904814  0.000E+00       XO_cntr

