 reading user weak rate file /afs/mpa/temp/earl/mesa/mesa/data/rates_data/rate_tables/S13_r_be7_wk_li7.h5
 version_number r23.05.1


 The terminal output contains the following information

      'step' is the number of steps since the start of the run,
      'lg_dt' is log10 timestep in years,
      'age_yr' is the simulated years since the start run,
      'lg_Tcntr' is log10 center temperature (K),
      'lg_Dcntr' is log10 center density (g/cm^3),
      'lg_Tmax' is log10 max temperature (K),
      'Teff' is the surface temperature (K),
      'lg_R' is log10 surface radius (Rsun),
      'lg_L' is log10 surface luminosity (Lsun),
      'lg_LH' is log10 total PP and CNO hydrogen burning power (Lsun),
      'lg_L3a' is log10 total triple-alpha helium burning power (Lsun),
      'lg_gsurf' is log10 surface gravity,
      'lg_LNuc' is log10 nuclear power (Lsun),
      'lg_LNeu' is log10 total neutrino power (Lsun),
      'lg_Lphoto' is log10 total photodisintegration (Lsun),
      'Mass' is the total stellar baryonic mass (Msun),
      'lg_Mdot' is log10 magnitude of rate of change of mass (Msun/year),
      'lg_Dsurf' is log10 surface density (g/cm^3),
      'H_env' is the amount of mass where H is dominant,
      'He_core' is the largest mass where He is dominant.
      'CO_core' is the largest mass where CO is dominant.
      'H_cntr' is the center H1 mass fraction,
      'He_cntr' is the center He4 mass fraction,
      'C_cntr' is the center C12 mass fraction,
      'N_cntr' is the center N14 mass fraction,
      'O_cntr' is the center O16 mass fraction,
      'Ne_cntr' is the center Ne20 mass fraction,
      'gam_cntr' is the center plasma interaction parameter,
      'eta_cntr' is the center electron degeneracy parameter,
      'zones' is the number of zones in the current model,
      'iters' is the number of solver iterations for the current step,
      'retry' is the number of step retries required during the run,
      'dt_limit' is an indication of what limited the timestep.

 All this and more are saved in the LOGS directory during the run.
                             set_initial_number_retries           0

                              relax_initial_composition
 relax_composition: num_steps_to_use         100
                       avg remaining difference, lambda    6.0405212777958128D-02    0.0000000000000000D+00
                       avg remaining difference, lambda    5.2555075844354614D-02    1.0101010101010102D-02
                       avg remaining difference, lambda    4.2685044300099555D-02    2.0202020202020204D-02
                       avg remaining difference, lambda    3.5717712502592647D-02    3.0303030303030304D-02
                       avg remaining difference, lambda    3.4386576237996187D-02    4.0404040404040407D-02
                       avg remaining difference, lambda    3.2793697026998962D-02    5.0505050505050504D-02
                       avg remaining difference, lambda    3.0926230990628151D-02    6.0606060606060608D-02
                       avg remaining difference, lambda    2.9182000774004353D-02    7.0707070707070704D-02
                       avg remaining difference, lambda    2.7018763808439150D-02    8.0808080808080815D-02
                       avg remaining difference, lambda    2.4703878781213731D-02    9.0909090909090912D-02
                       avg remaining difference, lambda    2.2445679011718112D-02    1.0101010101010101D-01
                       avg remaining difference, lambda    2.0124934277102203D-02    1.1111111111111110D-01
                       avg remaining difference, lambda    1.7842845124621250D-02    1.2121212121212122D-01
                       avg remaining difference, lambda    1.5861322684008042D-02    1.3131313131313133D-01
                       avg remaining difference, lambda    1.4348669113853508D-02    1.4141414141414141D-01
                       avg remaining difference, lambda    1.2732559365409781D-02    1.5151515151515152D-01
                       avg remaining difference, lambda    1.1041950042372524D-02    1.6161616161616163D-01
                       avg remaining difference, lambda    9.6368082211012417D-03    1.7171717171717171D-01
                       avg remaining difference, lambda    8.1715508933840053D-03    1.8181818181818182D-01
                       avg remaining difference, lambda    6.7003982135380022D-03    1.9191919191919191D-01
                       avg remaining difference, lambda    5.3718191789389851D-03    2.0202020202020202D-01
                       avg remaining difference, lambda    4.2447285116870379D-03    2.1212121212121213D-01
                       avg remaining difference, lambda    3.3399682797404140D-03    2.2222222222222221D-01
                       avg remaining difference, lambda    2.5828101844662379D-03    2.3232323232323232D-01
                       avg remaining difference, lambda    1.9691534503127558D-03    2.4242424242424243D-01
                       avg remaining difference, lambda    1.4767798895324211D-03    2.5252525252525254D-01
                       avg remaining difference, lambda    1.0889387064229022D-03    2.6262626262626265D-01
                       avg remaining difference, lambda    7.9353805006938244D-04    2.7272727272727271D-01
                       avg remaining difference, lambda    5.7265581367625738D-04    2.8282828282828282D-01
                       avg remaining difference, lambda    4.0665725023613530D-04    2.9292929292929293D-01
                       avg remaining difference, lambda    2.8361799517612511D-04    3.0303030303030304D-01
                       avg remaining difference, lambda    1.9480831991895887D-04    3.1313131313131315D-01
                       avg remaining difference, lambda    1.3201738710094449D-04    3.2323232323232326D-01
                       avg remaining difference, lambda    8.8011591400627873D-05    3.3333333333333331D-01
                       avg remaining difference, lambda    5.7785388293340694D-05    3.4343434343434343D-01
                       avg remaining difference, lambda    3.7406513664755899D-05    3.5353535353535354D-01
                       avg remaining difference, lambda    2.3804145059393606D-05    3.6363636363636365D-01
                       avg remaining difference, lambda    1.4907646400831036D-05    3.7373737373737376D-01
                       avg remaining difference, lambda    9.1855194995068019D-06    3.8383838383838381D-01
                       avg remaining difference, lambda    5.5669815148499746D-06    3.9393939393939392D-01
                       avg remaining difference, lambda    3.3176960543020726D-06    4.0404040404040403D-01
                       avg remaining difference, lambda    1.9437007186807760D-06    4.1414141414141414D-01
                       avg remaining difference, lambda    1.1191004137852873D-06    4.2424242424242425D-01
                       avg remaining difference, lambda    6.3302649668916167D-07    4.3434343434343436D-01
                       avg remaining difference, lambda    3.5168138704994242D-07    4.4444444444444442D-01
                       avg remaining difference, lambda    1.9182621111824451D-07    4.5454545454545453D-01
 retry: max correction jumped -- give up in solver      46
                       avg remaining difference, lambda    1.9182621111824451D-07    4.5454545454545453D-01
 retry: max correction jumped -- give up in solver      46
                       avg remaining difference, lambda    1.9182621111824451D-07    4.5454545454545453D-01
 retry: max correction jumped -- give up in solver      46
                       avg remaining difference, lambda    1.9182621111824451D-07    4.5454545454545453D-01
 retry: max correction jumped -- give up in solver      46
                       avg remaining difference, lambda    1.9182621111824451D-07    4.5454545454545453D-01
 retry: max correction jumped -- give up in solver      46
                       avg remaining difference, lambda    1.9182621111824451D-07    4.5454545454545453D-01
 retry: max correction jumped -- give up in solver      46
                       avg remaining difference, lambda    1.9182621111824451D-07    4.5454545454545453D-01
 retry: max correction jumped -- give up in solver      46
                       avg remaining difference, lambda    1.9182621111824451D-07    4.5454545454545453D-01
 retry: max correction jumped -- give up in solver      46
                       avg remaining difference, lambda    1.9182621111824451D-07    4.5454545454545453D-01
 retry: max correction jumped -- give up in solver      46
                       avg remaining difference, lambda    1.9182621111824451D-07    4.5454545454545453D-01
 retry: max correction jumped -- give up in solver      46
                       avg remaining difference, lambda    1.9182621111824451D-07    4.5454545454545453D-01
 retry: max correction jumped -- give up in solver      46
                       avg remaining difference, lambda    1.9182621111824451D-07    4.5454545454545453D-01
 retry: max correction jumped -- give up in solver      46
                       avg remaining difference, lambda    1.9182621111824451D-07    4.5454545454545453D-01
 retry: max correction jumped -- give up in solver      46
                       avg remaining difference, lambda    1.9182621111824451D-07    4.5454545454545453D-01
 retry: max correction jumped -- give up in solver      46
                       avg remaining difference, lambda    1.9182621111824451D-07    4.5454545454545453D-01
 retry: max correction jumped -- give up in solver      46
                       avg remaining difference, lambda    1.9182621111824451D-07    4.5454545454545453D-01
 retry: max correction jumped -- give up in solver      46
                       avg remaining difference, lambda    1.9182621111824451D-07    4.5454545454545453D-01
 retry: max correction jumped -- give up in solver      46
                       avg remaining difference, lambda    1.9182621111824451D-07    4.5454545454545453D-01
 retry: max correction jumped -- give up in solver      46
                       avg remaining difference, lambda    1.9182621111824451D-07    4.5454545454545453D-01
 retry: max correction jumped -- give up in solver      46
                       avg remaining difference, lambda    1.9182621111824451D-07    4.5454545454545453D-01
 retry: max correction jumped -- give up in solver      46
                       avg remaining difference, lambda    1.9182621111824451D-07    4.5454545454545453D-01
 retry: max correction jumped -- give up in solver      46
                       avg remaining difference, lambda    1.9182621111824451D-07    4.5454545454545453D-01
                       avg remaining difference, lambda    1.0269484029797590D-07    4.6464646464646464D-01
                       avg remaining difference, lambda    5.3940724192011494D-08    4.7474747474747475D-01
                       avg remaining difference, lambda    2.7787645798072252D-08    4.8484848484848486D-01
                       avg remaining difference, lambda    1.4034164540646396D-08    4.9494949494949497D-01
                       avg remaining difference, lambda    6.9462026482613043D-09    5.0505050505050508D-01
                       avg remaining difference, lambda    3.3678558301162985D-09    5.1515151515151514D-01
                       avg remaining difference, lambda    1.5988810480344089D-09    5.2525252525252530D-01
                       avg remaining difference, lambda    7.4291443007622051D-10    5.3535353535353536D-01
                       avg remaining difference, lambda    3.3768838012620927D-10    5.4545454545454541D-01
                       avg remaining difference, lambda    1.5008372276379335D-10    5.5555555555555558D-01
                       avg remaining difference, lambda    6.5187876325083517D-11    5.6565656565656564D-01
                       avg remaining difference, lambda    2.7655465758756847D-11    5.7575757575757580D-01
                       avg remaining difference, lambda    1.1453277690806209D-11    5.8585858585858586D-01
                       avg remaining difference, lambda    4.6275919657827454D-12    5.9595959595959591D-01
                       avg remaining difference, lambda    1.8229906930733839D-12    6.0606060606060608D-01
                       avg remaining difference, lambda    6.9973720327132575D-13    6.1616161616161613D-01
                       avg remaining difference, lambda    2.6151530377393444D-13    6.2626262626262630D-01
                       avg remaining difference, lambda    9.5087376573522661D-14    6.3636363636363635D-01
                       avg remaining difference, lambda    3.3614451762708937D-14    6.4646464646464652D-01
                       avg remaining difference, lambda    1.1543472678825451D-14    6.5656565656565657D-01
                       avg remaining difference, lambda    3.8447388698832025D-15    6.6666666666666663D-01
                       avg remaining difference, lambda    1.2486528553351033D-15    6.7676767676767680D-01
                       avg remaining difference, lambda    3.8975283500966311D-16    6.8686868686868685D-01
                       avg remaining difference, lambda    1.1972783105129789D-16    6.9696969696969702D-01
                       avg remaining difference, lambda    3.3779043978241301D-17    7.0707070707070707D-01
                       avg remaining difference, lambda    4.3705413146705053D-18    7.1717171717171713D-01
                       avg remaining difference, lambda    1.3763843378972446D-18    7.2727272727272729D-01
                       avg remaining difference, lambda    6.4415277979575745D-19    7.3737373737373735D-01
                       avg remaining difference, lambda    3.6026111682993338D-18    7.4747474747474751D-01
                       avg remaining difference, lambda    1.3264396379929231D-17    7.5757575757575757D-01
                       avg remaining difference, lambda    3.4605036069600038D-19    7.6767676767676762D-01
                       avg remaining difference, lambda    4.5221065172212025D-19    7.7777777777777779D-01
                       avg remaining difference, lambda    2.6630059269176585D-19    7.8787878787878785D-01
                       avg remaining difference, lambda    1.3125473417642259D-17    7.9797979797979801D-01
                       avg remaining difference, lambda    2.1392241434220030D-19    8.0808080808080807D-01
                       avg remaining difference, lambda    1.7321473722942898D-19    8.1818181818181823D-01
                       avg remaining difference, lambda    1.1661981858014174D-19    8.2828282828282829D-01
                       avg remaining difference, lambda    1.8120473023066220D-17    8.3838383838383834D-01
                       avg remaining difference, lambda    1.6623084763947938D-19    8.4848484848484851D-01
                       avg remaining difference, lambda    2.1080584800283138D-19    8.5858585858585856D-01
                       avg remaining difference, lambda    1.0197719800582612D-17    8.6868686868686873D-01
                       avg remaining difference, lambda    3.5128036671425207D-19    8.7878787878787878D-01
                       avg remaining difference, lambda    2.9933893507129435D-18    8.8888888888888884D-01
                       avg remaining difference, lambda    1.4045863226050631D-19    8.9898989898989901D-01
                       avg remaining difference, lambda    1.1993585174963310D-19    9.0909090909090906D-01
                       avg remaining difference, lambda    1.0906907960498613D-19    9.1919191919191923D-01
                       avg remaining difference, lambda    2.9537535602223972D-18    9.2929292929292928D-01
                       avg remaining difference, lambda    1.0028203673715041D-17    9.3939393939393945D-01
                       avg remaining difference, lambda    1.0387316377651798D-19    9.4949494949494950D-01
                       avg remaining difference, lambda    2.7405236768272154D-20    9.5959595959595956D-01
                       avg remaining difference, lambda    2.7820391613594724D-19    9.6969696969696972D-01
                       avg remaining difference, lambda    2.0552882372666044D-20    9.7979797979797978D-01
                       avg remaining difference, lambda    2.7830843648975450D-20    9.8989898989898994D-01
                       avg remaining difference, lambda    0.0000000000000000D+00    1.0000000000000000D+00

 finished doing relax composition

 net name basic.net
 kap_option gs98
 kap_CO_option gs98_co
 kap_lowT_option lowT_fa05_gs98
                                        OMP_NUM_THREADS           8


 retry:  adjust_correction failed in eval_equations -- give up in solver     123
 retry:  logT > hydro_mtx_max_allowed_logT          96     127
 retry:  logRho > hydro_mtx_max_allowed_logRho         555     226
 retry:  logT < hydro_mtx_min_allowed_logT         572     229
 retry:  logT < hydro_mtx_min_allowed_logT          33     232
 retry: max residual jumped -- give up in solver     236
 retry:  logT > hydro_mtx_max_allowed_logT         114     239
 retry:  logT < hydro_mtx_min_allowed_logT         144     246
 retry: avg corr too large -- give up in solver     250
 retry:  logRho > hydro_mtx_max_allowed_logRho          54     270
 retry:  logRho < hydro_mtx_min_allowed_logRho          86     273
 retry: max residual jumped -- give up in solver     278
 retry:  logT < hydro_mtx_min_allowed_logT          90     284
 retry:  logRho > hydro_mtx_max_allowed_logRho         106     288
 retry:  adjust_correction failed in eval_equations -- give up in solver     292
 retry: max residual jumped -- give up in solver     297
 retry:  adjust_correction failed in eval_equations -- give up in solver     304
 retry:  logRho > hydro_mtx_max_allowed_logRho         474     306
 retry:  logRho > hydro_mtx_max_allowed_logRho         494     309
 retry: avg corr too large -- give up in solver     312

stop because have dropped below central lower limit for he4
    0.9611825929E-01    0.1000000000E+00

        336   8.320935   3820.863   3.742085   4.413714   9.997129   6.522684   0.000000   0.000000   0.350000  -3.185476   1520     20
 4.0645E+00   8.320935   2.565216   3.834244   2.592037 -99.000000   3.474445   0.096118   0.358571   0.020000   0.205459      5
 1.3664E+06   3.325332   4.413771   4.132761 -99.000000  -8.691994   1.909177   0.537558   0.003675   0.903882  0.000E+00       XO_cntr

                                         solver retries          41

                                    varcontrol dt limit          46
                                  max increase dt limit         226
                                        solver dt limit           1
                                          dX/X dt limit          12
                                       Lnuc_He dt limit          22
                                        lgTeff dt limit          42
                                      lgT_cntr dt limit          33
                                    lg_XH_cntr dt limit          16
                                      XHe_cntr dt limit          31
                                       XO_cntr dt limit           6

save photos/x336 for model 336
termination code: xa_central_lower_limit
__________________________________________________________________________________________________________________________________________________

       step    lg_Tmax     Teff     lg_LH      lg_Lnuc     Mass       H_rich     H_cntr     N_cntr     Y_surf   eta_cntr   zones  retry
  lg_dt_yrs    lg_Tcntr    lg_R     lg_L3a     lg_Lneu     lg_Mdot    He_core    He_cntr    O_cntr     Z_surf   gam_cntr   iters  
    age_yrs    lg_Dcntr    lg_L     lg_LZ      lg_Lphoto   lg_Dsurf   CO_core    C_cntr     Ne_cntr    Z_cntr   v_div_cs       dt_limit
__________________________________________________________________________________________________________________________________________________

        336   8.320935   3820.863   3.742085   4.413714   9.997129   6.522684   0.000000   0.000000   0.350000  -3.185476   1520     20
 4.0645E+00   8.320935   2.565216   3.834244   2.592037 -99.000000   3.474445   0.096118   0.358571   0.020000   0.205459      5
 1.3664E+06   3.325332   4.413771   4.132761 -99.000000  -8.691994   1.909177   0.537558   0.003675   0.903882  0.000E+00       XO_cntr

